{"/workspaces/graduation-project-saarcoder/src/app.js": {"path":"/workspaces/graduation-project-saarcoder/src/app.js","statementMap":{"0":{"start":{"line":1,"column":20},"end":{"line":1,"column":42}},"1":{"start":{"line":2,"column":16},"end":{"line":2,"column":34}},"2":{"start":{"line":3,"column":13},"end":{"line":3,"column":28}},"3":{"start":{"line":4,"column":21},"end":{"line":4,"column":45}},"4":{"start":{"line":5,"column":15},"end":{"line":5,"column":32}},"5":{"start":{"line":6,"column":0},"end":{"line":6,"column":26}},"6":{"start":{"line":7,"column":0},"end":{"line":7,"column":32}},"7":{"start":{"line":9,"column":0},"end":{"line":9,"column":50}},"8":{"start":{"line":11,"column":20},"end":{"line":11,"column":45}},"9":{"start":{"line":12,"column":21},"end":{"line":12,"column":47}},"10":{"start":{"line":13,"column":20},"end":{"line":13,"column":45}},"11":{"start":{"line":14,"column":23},"end":{"line":14,"column":51}},"12":{"start":{"line":15,"column":21},"end":{"line":15,"column":47}},"13":{"start":{"line":17,"column":12},"end":{"line":17,"column":21}},"14":{"start":{"line":20,"column":0},"end":{"line":20,"column":47}},"15":{"start":{"line":21,"column":0},"end":{"line":21,"column":29}},"16":{"start":{"line":23,"column":0},"end":{"line":23,"column":22}},"17":{"start":{"line":24,"column":0},"end":{"line":24,"column":23}},"18":{"start":{"line":25,"column":0},"end":{"line":25,"column":48}},"19":{"start":{"line":26,"column":0},"end":{"line":26,"column":23}},"20":{"start":{"line":27,"column":0},"end":{"line":27,"column":55}},"21":{"start":{"line":29,"column":0},"end":{"line":29,"column":25}},"22":{"start":{"line":30,"column":0},"end":{"line":30,"column":32}},"23":{"start":{"line":31,"column":0},"end":{"line":31,"column":30}},"24":{"start":{"line":32,"column":0},"end":{"line":32,"column":36}},"25":{"start":{"line":33,"column":0},"end":{"line":33,"column":32}},"26":{"start":{"line":35,"column":0},"end":{"line":37,"column":2}},"27":{"start":{"line":36,"column":2},"end":{"line":36,"column":24}},"28":{"start":{"line":40,"column":0},"end":{"line":48,"column":2}},"29":{"start":{"line":42,"column":2},"end":{"line":42,"column":34}},"30":{"start":{"line":43,"column":2},"end":{"line":43,"column":68}},"31":{"start":{"line":46,"column":2},"end":{"line":46,"column":31}},"32":{"start":{"line":47,"column":2},"end":{"line":47,"column":21}},"33":{"start":{"line":49,"column":0},"end":{"line":49,"column":26}},"34":{"start":{"line":50,"column":0},"end":{"line":50,"column":20}}},"fnMap":{"0":{"name":"(anonymous_0)","decl":{"start":{"line":35,"column":8},"end":{"line":35,"column":9}},"loc":{"start":{"line":35,"column":28},"end":{"line":37,"column":1}},"line":35},"1":{"name":"(anonymous_1)","decl":{"start":{"line":40,"column":8},"end":{"line":40,"column":9}},"loc":{"start":{"line":40,"column":27},"end":{"line":48,"column":1}},"line":40}},"branchMap":{"0":{"loc":{"start":{"line":43,"column":21},"end":{"line":43,"column":68}},"type":"cond-expr","locations":[{"start":{"line":43,"column":60},"end":{"line":43,"column":63}},{"start":{"line":43,"column":66},"end":{"line":43,"column":68}}],"line":43},"1":{"loc":{"start":{"line":46,"column":13},"end":{"line":46,"column":30}},"type":"binary-expr","locations":[{"start":{"line":46,"column":13},"end":{"line":46,"column":23}},{"start":{"line":46,"column":27},"end":{"line":46,"column":30}}],"line":46}},"s":{"0":1,"1":1,"2":1,"3":1,"4":1,"5":1,"6":1,"7":1,"8":1,"9":1,"10":1,"11":1,"12":1,"13":1,"14":1,"15":1,"16":1,"17":1,"18":1,"19":1,"20":1,"21":1,"22":1,"23":1,"24":1,"25":1,"26":1,"27":0,"28":1,"29":0,"30":0,"31":0,"32":0,"33":1,"34":1},"f":{"0":0,"1":0},"b":{"0":[0,0],"1":[0,0]},"_coverageSchema":"1a1c01bbd47fc00a2c39e90264f33305004495a9","hash":"1178eb51b7d2fb5b29e6f0cbe8e091b703aaa4f9"}
}
